<?xml version="1.0" encoding="UTF-8"?>
<testng-results ignored="0" total="2" passed="2" failed="0" skipped="0">
  <reporter-output>
  </reporter-output>
  <suite started-at="2020-06-02T06:12:50Z" name="TestSuite" finished-at="2020-06-02T06:13:22Z" duration-ms="31875">
    <groups>
    </groups>
    <test started-at="2020-06-02T06:12:50Z" name="ChromeTest" finished-at="2020-06-02T06:13:01Z" duration-ms="10981">
      <class name="Tests.VerifySearch">
        <test-method is-config="true" signature="setup(java.lang.String)[pri:0, instance:Tests.VerifySearch@17579e0f]" started-at="2020-06-02T16:12:50Z" name="setup" finished-at="2020-06-02T16:12:57Z" duration-ms="6845" status="PASS">
          <params>
            <param index="0">
              <value>
                <![CDATA[Chrome]]>
              </value>
            </param>
          </params>
          <reporter-output>
          </reporter-output>
        </test-method> <!-- setup -->
        <test-method signature="verifySearchSteps()[pri:0, instance:Tests.VerifySearch@17579e0f]" started-at="2020-06-02T16:12:57Z" name="verifySearchSteps" finished-at="2020-06-02T16:13:01Z" duration-ms="3942" status="PASS">
          <reporter-output>
          </reporter-output>
        </test-method> <!-- verifySearchSteps -->
        <test-method is-config="true" signature="teardown()[pri:0, instance:Tests.VerifySearch@17579e0f]" started-at="2020-06-02T16:13:01Z" name="teardown" finished-at="2020-06-02T16:13:01Z" duration-ms="175" status="PASS">
          <reporter-output>
          </reporter-output>
        </test-method> <!-- teardown -->
      </class> <!-- Tests.VerifySearch -->
    </test> <!-- ChromeTest -->
    <test started-at="2020-06-02T06:13:01Z" name="FirefoxTest" finished-at="2020-06-02T06:13:22Z" duration-ms="20816">
      <class name="Tests.VerifySearch">
        <test-method is-config="true" signature="setup(java.lang.String)[pri:0, instance:Tests.VerifySearch@7a765367]" started-at="2020-06-02T16:13:01Z" name="setup" finished-at="2020-06-02T16:13:08Z" duration-ms="7263" status="PASS">
          <params>
            <param index="0">
              <value>
                <![CDATA[Firefox]]>
              </value>
            </param>
          </params>
          <reporter-output>
          </reporter-output>
        </test-method> <!-- setup -->
        <test-method signature="verifySearchSteps()[pri:0, instance:Tests.VerifySearch@7a765367]" started-at="2020-06-02T16:13:08Z" name="verifySearchSteps" finished-at="2020-06-02T16:13:15Z" duration-ms="6418" status="PASS">
          <reporter-output>
          </reporter-output>
        </test-method> <!-- verifySearchSteps -->
        <test-method is-config="true" signature="teardown()[pri:0, instance:Tests.VerifySearch@7a765367]" started-at="2020-06-02T16:13:15Z" name="teardown" finished-at="2020-06-02T16:13:22Z" duration-ms="7132" status="PASS">
          <reporter-output>
          </reporter-output>
        </test-method> <!-- teardown -->
      </class> <!-- Tests.VerifySearch -->
    </test> <!-- FirefoxTest -->
  </suite> <!-- TestSuite -->
</testng-results>
